<?xml version="1.0" encoding="UTF-8"?>
<!-- Generated by org.testng.reporters.JUnitReportReporter -->
<testsuite skipped="0" hostname="Manikant-QA" name="com.testapplitools.testapplitools.Test1" tests="4" failures="0" timestamp="19 Nov 2019 10:06:05 GMT" time="8.719" errors="0">
  <testcase name="HomeScreen" time="1.425" classname="com.testapplitools.testapplitools.Test1"/>
  <testcase name="LoginFail1" time="0.534" classname="com.testapplitools.testapplitools.Test1"/>
  <testcase name="LoginFailPwd" time="0.502" classname="com.testapplitools.testapplitools.Test1"/>
  <testcase name="Login" time="6.258" classname="com.testapplitools.testapplitools.Test1"/>
</testsuite> <!-- com.testapplitools.testapplitools.Test1 -->
